Log file open, 04/25/17 21:03:12
LogInit:Display: Running engine for game: LevelDesign
LogPlatformFile: Not using cached read wrapper
LogInit:Display: RandInit(292888567) SRandInit(292888567).
LogTaskGraph: Started task graph with 5 named threads and 8 total threads with 1 sets of task threads.
LogStats: Stats thread started at 0.080273
LogInit: Using libcurl 7.47.1
LogInit:  - built for x86_64-pc-win32
LogInit:  - supports SSL with OpenSSL/1.0.2g
LogInit:  - supports HTTP deflate (compression) using libz 1.2.8
LogInit:  - other features:
LogInit:      CURL_VERSION_SSL
LogInit:      CURL_VERSION_LIBZ
LogInit:      CURL_VERSION_IPV6
LogInit:      CURL_VERSION_ASYNCHDNS
LogInit:      CURL_VERSION_LARGEFILE
LogInit:      CURL_VERSION_IDN
LogInit:  CurlRequestOptions (configurable via config and command line):
LogInit:  - bVerifyPeer = false  - Libcurl will NOT verify peer certificate
LogInit:  - bUseHttpProxy = false  - Libcurl will NOT use HTTP proxy
LogInit:  - bDontReuseConnections = false  - Libcurl will reuse connections
LogInit:  - CertBundlePath = nullptr  - Libcurl will use whatever was configured at build time.
OCULUS: Info: [CAPI] LibOVR module is located at C:\Program Files\Oculus\Support\oculus-runtime\LibOVRRT64_1.dll
OCULUS: Debug: Connected to the server running version (prod = 1).1.13.0(build = 361842) feature version = 0. Client runs version (prod = 1).1.13.0(build = 361842) feature version = 0
LogInit: Build: ++UE4+Release-4.15-CL-3299760
LogInit: Engine Version: 4.15.0-3299760+++UE4+Release-4.15
LogInit: Compatible Engine Version: 4.15.0-3299760+++UE4+Release-4.15
LogInit: Net CL: 3299760
LogDevObjectVersion: Number of dev versions registered: 14
LogDevObjectVersion:   Dev-Blueprints (B0D832E4-1F89-4F0D-ACCF-7EB736FD4AA2): 8
LogDevObjectVersion:   Dev-Build (E1C64328-A22C-4D53-A36C-8E866417BD8C): 0
LogDevObjectVersion:   Dev-Core (375EC13C-06E4-48FB-B500-84F0262A717E): 2
LogDevObjectVersion:   Dev-Editor (E4B068ED-F494-42E9-A231-DA0B2E46BB41): 14
LogDevObjectVersion:   Dev-Framework (CFFC743F-43B0-4480-9391-14DF171D2073): 22
LogDevObjectVersion:   Dev-Mobile (B02B49B5-BB20-44E9-A304-32B752E40360): 0
LogDevObjectVersion:   Dev-Networking (A4E4105C-59A1-49B5-A7C5-40C4547EDFEE): 0
LogDevObjectVersion:   Dev-Online (39C831C9-5AE6-47DC-9A44-9C173E1C8E7C): 0
LogDevObjectVersion:   Dev-Physics (78F01B33-EBEA-4F98-B9B4-84EACCB95AA2): 0
LogDevObjectVersion:   Dev-Platform (6631380F-2D4D-43E0-8009-CF276956A95A): 0
LogDevObjectVersion:   Dev-Rendering (12F88B9F-8875-4AFC-A67C-D90C383ABD29): 12
LogDevObjectVersion:   Dev-Sequencer (7B5AE74C-D270-4C10-A958-57980B212A5A): 3
LogDevObjectVersion:   Dev-VR (D7296918-1DD6-4BDD-9DE2-64A83CC13884): 0
LogDevObjectVersion:   Dev-LoadTimes (C2A15278-BFE7-4AFE-6C17-90FF531DF755): 1
LogInit: Compiled (64-bit): Feb 14 2017 02:04:14
LogInit: Compiled with Visual C++: 19.00.23026.00
LogInit: Build Configuration: Development
LogInit: Branch Name: ++UE4+Release-4.15
LogInit: Command line:  
LogInit: Base directory: C:/Program Files/Epic Games/UE_4.15/Engine/Binaries/Win64/
LogInit: Installed Engine Build: 1
LogInit: Presizing for max 8388607 objects, including 0 objects not considered by GC, pre-allocating 0 bytes for permanent pool.
LogInit: Object subsystem initialized
[2017.04.26-01.03.14:364][  0]LogConsoleManager:Display: Setting the console variable 'r.RHICmdBypass' with 'SetByProjectSetting' was ignored as it is lower priority than the previous 'SetBySystemSettingsIni'. Value remains '1'
[2017.04.26-01.03.14:370][  0]LogInit: Selected Device Profile: [Windows]
[2017.04.26-01.03.14:370][  0]LogInit: Applying CVar settings loaded from the selected device profile: [Windows]
[2017.04.26-01.03.14:399][  0]LogInit: Computer: MAGICVR03
[2017.04.26-01.03.14:399][  0]LogInit: User: MagicUser
[2017.04.26-01.03.14:399][  0]LogInit: CPU Page size=65536, Cores=4
[2017.04.26-01.03.14:399][  0]LogInit: High frequency timer resolution =3.613279 MHz
[2017.04.26-01.03.14:399][  0]LogMemory: Memory total: Physical=15.9GB (16GB approx)
[2017.04.26-01.03.14:399][  0]LogMemory: Platform Memory Stats for Windows
[2017.04.26-01.03.14:399][  0]LogMemory: Process Physical Memory: 268.25 MB used, 268.25 MB peak
[2017.04.26-01.03.14:399][  0]LogMemory: Process Virtual Memory: 265.88 MB used, 265.88 MB peak
[2017.04.26-01.03.14:399][  0]LogMemory: Physical Memory: 6500.64 MB used,  9801.53 MB free, 16302.16 MB total
[2017.04.26-01.03.14:399][  0]LogMemory: Virtual Memory: 685.54 MB used,  9801.53 MB free, 134217728.00 MB total
[2017.04.26-01.03.14:500][  0]LogTextLocalizationManager: No specific translations for ('en-US') exist, so ('en') translations will be used.
[2017.04.26-01.03.15:235][  0]LogD3D11RHI: D3D11 adapters:
[2017.04.26-01.03.15:261][  0]LogD3D11RHI:    0. 'NVIDIA GeForce GTX 1060 6GB' (Feature Level 11_0)
[2017.04.26-01.03.15:261][  0]LogD3D11RHI:       6100/0/8151 MB DedicatedVideo/DedicatedSystem/SharedSystem, Outputs:2, VendorId:0x10de
[2017.04.26-01.03.15:263][  0]LogD3D11RHI:    1. 'Microsoft Basic Render Driver' (Feature Level 11_0)
[2017.04.26-01.03.15:263][  0]LogD3D11RHI:       0/0/8151 MB DedicatedVideo/DedicatedSystem/SharedSystem, Outputs:0, VendorId:0x1414
[2017.04.26-01.03.15:263][  0]LogD3D11RHI: Chosen D3D11 Adapter: 0
[2017.04.26-01.03.15:269][  0]LogD3D11RHI: Creating new Direct3DDevice
[2017.04.26-01.03.15:269][  0]LogD3D11RHI:     GPU DeviceId: 0x1c03 (for the marketing name, search the web for "GPU Device Id")
[2017.04.26-01.03.15:269][  0]LogWindows: EnumDisplayDevices:
[2017.04.26-01.03.15:269][  0]LogWindows:    0. 'NVIDIA GeForce GTX 1060 6GB' (P:1 D:1)
[2017.04.26-01.03.15:269][  0]LogWindows:    1. 'NVIDIA GeForce GTX 1060 6GB' (P:0 D:1)
[2017.04.26-01.03.15:270][  0]LogWindows:    2. 'NVIDIA GeForce GTX 1060 6GB' (P:0 D:0)
[2017.04.26-01.03.15:270][  0]LogWindows:    3. 'NVIDIA GeForce GTX 1060 6GB' (P:0 D:0)
[2017.04.26-01.03.15:270][  0]LogWindows: DebugString: FoundDriverCount:4 
[2017.04.26-01.03.15:270][  0]LogD3D11RHI:     Adapter Name: NVIDIA GeForce GTX 1060 6GB
[2017.04.26-01.03.15:270][  0]LogD3D11RHI:   Driver Version: 376.53 (internal:21.21.13.7653, unified:376.53)
[2017.04.26-01.03.15:270][  0]LogD3D11RHI:      Driver Date: 12-29-2016
[2017.04.26-01.03.15:270][  0]LogRHI: Texture pool is 1361 MB (70% of 1945 MB)
[2017.04.26-01.03.15:285][  0]LogD3D11RHI: Async texture creation enabled
[2017.04.26-01.03.15:298][  0]LogD3D11RHI: GPU Timing Frequency: 1000.000000 (Debug: 2 1)
[2017.04.26-01.03.15:392][  0]LogShaderCompilers: Guid format shader working directory is -20 characters bigger than the processId version (../../../../../../Users/MagicUser/Documents/LevelDesignVR/LevelDesign/Intermediate/Shaders/WorkingDirectory/14656/).
[2017.04.26-01.03.15:392][  0]LogShaderCompilers: Cleaned the shader compiler working directory 'C:/Users/MagicUser/AppData/Local/Temp/UnrealShaderWorkingDir/27EE82CF4D9F78855CE5C99AAAEAFCA1/'.
[2017.04.26-01.03.15:392][  0]LogShaderCompilers:Display: Using Local Shader Compiler.
[2017.04.26-01.03.16:684][  0]LogTemp:Display: Loaded TP AllDesktopTargetPlatform
[2017.04.26-01.03.16:787][  0]LogTemp:Display: Loaded TP MacClientTargetPlatform
[2017.04.26-01.03.16:870][  0]LogTemp:Display: Loaded TP MacNoEditorTargetPlatform
[2017.04.26-01.03.16:966][  0]LogTemp:Display: Loaded TP MacServerTargetPlatform
[2017.04.26-01.03.17:062][  0]LogTemp:Display: Loaded TP MacTargetPlatform
[2017.04.26-01.03.17:144][  0]LogTemp:Display: Loaded TP WindowsClientTargetPlatform
[2017.04.26-01.03.17:228][  0]LogTemp:Display: Loaded TP WindowsNoEditorTargetPlatform
[2017.04.26-01.03.17:303][  0]LogTemp:Display: Loaded TP WindowsServerTargetPlatform
[2017.04.26-01.03.17:365][  0]LogTemp:Display: Loaded TP WindowsTargetPlatform
[2017.04.26-01.03.17:454][  0]LogTemp:Display: Loaded TP AndroidTargetPlatform
[2017.04.26-01.03.17:551][  0]LogTemp:Display: Loaded TP Android_ASTCTargetPlatform
[2017.04.26-01.03.17:652][  0]LogTemp:Display: Loaded TP Android_ATCTargetPlatform
[2017.04.26-01.03.17:763][  0]LogTemp:Display: Loaded TP Android_DXTTargetPlatform
[2017.04.26-01.03.17:866][  0]LogTemp:Display: Loaded TP Android_ETC1TargetPlatform
[2017.04.26-01.03.17:943][  0]LogTemp:Display: Loaded TP Android_ETC2TargetPlatform
[2017.04.26-01.03.18:101][  0]LogTemp:Display: Loaded TP Android_MultiTargetPlatform
[2017.04.26-01.03.18:101][  0]LogTemp:Display: Loaded TP Android_PVRTCTargetPlatform
[2017.04.26-01.03.18:154][  0]LogTemp:Display: Loaded TP HTML5TargetPlatform
[2017.04.26-01.03.18:298][  0]LogTemp:Display: Loaded TP IOSTargetPlatform
[2017.04.26-01.03.18:352][  0]LogTemp:Display: Loaded TP TVOSTargetPlatform
[2017.04.26-01.03.18:432][  0]LogTemp:Display: Loaded TP LinuxClientTargetPlatform
[2017.04.26-01.03.18:516][  0]LogTemp:Display: Loaded TP LinuxNoEditorTargetPlatform
[2017.04.26-01.03.18:595][  0]LogTemp:Display: Loaded TP LinuxServerTargetPlatform
[2017.04.26-01.03.18:712][  0]LogTemp:Display: Loaded TP LinuxTargetPlatform
[2017.04.26-01.03.18:712][  0]LogTargetPlatformManager:Display: Building Assets For Windows
[2017.04.26-01.03.19:421][  0]LogDerivedDataCache:Display: Max Cache Size: 512 MB
[2017.04.26-01.03.19:834][  0]LogDerivedDataCache: Loaded boot cache 0.41s 51MB C:/Users/MagicUser/AppData/Local/UnrealEngine/4.15/DerivedDataCache/Boot.ddc.
[2017.04.26-01.03.19:835][  0]LogDerivedDataCache:Display: Loaded Boot cache: C:/Users/MagicUser/AppData/Local/UnrealEngine/4.15/DerivedDataCache/Boot.ddc
[2017.04.26-01.03.19:835][  0]LogDerivedDataCache: FDerivedDataBackendGraph:  Pak pak cache file ../../../../../../Users/MagicUser/Documents/LevelDesignVR/LevelDesign/DerivedDataCache/DDC.ddp not found, will not use a pak cache.
[2017.04.26-01.03.19:835][  0]LogDerivedDataCache: Unable to find inner node Pak for hierarchical cache Hierarchy.
[2017.04.26-01.03.19:835][  0]LogDerivedDataCache: FDerivedDataBackendGraph:  CompressedPak pak cache file ../../../../../../Users/MagicUser/Documents/LevelDesignVR/LevelDesign/DerivedDataCache/Compressed.ddp not found, will not use a pak cache.
[2017.04.26-01.03.19:835][  0]LogDerivedDataCache: Unable to find inner node CompressedPak for hierarchical cache Hierarchy.
[2017.04.26-01.03.19:852][  0]LogDerivedDataCache:Display: Pak cache opened for reading ../../../Engine/DerivedDataCache/Compressed.ddp.
[2017.04.26-01.03.19:864][  0]LogDerivedDataCache: Using Local data cache path C:/Users/MagicUser/AppData/Local/UnrealEngine/Common/DerivedDataCache: Writable
[2017.04.26-01.03.19:872][  0]LogSlate: Using Freetype 2.6.0
[2017.04.26-01.03.19:896][  0]LogSlate: SlateFontCache - WITH_FREETYPE: 1, WITH_HARFBUZZ: 1
[2017.04.26-01.03.19:896][  0]LogSlate: SlateFontCache - WITH_FREETYPE: 1, WITH_HARFBUZZ: 1
[2017.04.26-01.03.20:380][  0]LogInit: Selected Device Profile: [Windows]
[2017.04.26-01.03.20:383][  0]LogContentStreaming: Texture pool size is 0.00 MB
[2017.04.26-01.03.20:623][  0]LogMeshUtilities: Using QuadricMeshReduction for automatic static mesh reduction
[2017.04.26-01.03.20:680][  0]LogSimplygon: Simplygon DLL not present - disabling.
[2017.04.26-01.03.20:745][  0]LogMeshUtilities: Using SimplygonSwarm for distributed automatic mesh merging
[2017.04.26-01.03.20:745][  0]LogMeshUtilities: No automatic skeletal mesh reduction module available
[2017.04.26-01.03.20:745][  0]LogMeshUtilities: No automatic mesh merging module available
[2017.04.26-01.03.21:429][  0]LogNetVersion: GetLocalNetworkVersion: CL: 3299760, ProjectName: leveldesign, ProjectVersion: , EngineNetworkVersion: 2, GameNetworkVersion: 0, NetworkChecksum: 1256183503
[2017.04.26-01.03.21:482][  0]LogAssetRegistry: FAssetRegistry took 0.0220 seconds to start up
[2017.04.26-01.03.21:548][  0]LogPackageLocalizationCache: Processed 3 localized package path(s) for 2 prioritized culture(s) in 0.034998 seconds
[2017.04.26-01.03.21:553][  0]LogUObjectArray: 32475 objects as part of root set at end of initial load.
[2017.04.26-01.03.21:553][  0]LogUObjectAllocator: 7073360 out of 0 bytes used by permanent object pool.
[2017.04.26-01.03.21:553][  0]LogUObjectArray: CloseDisregardForGC: 0/0 objects in disregard for GC pool
[2017.04.26-01.03.21:637][  0]LogInit: WinSock: version 1.1 (2.2), MaxSocks=32767, MaxUdp=65467
[2017.04.26-01.03.34:521][  0]LogTcpMessaging: Initializing TcpMessaging bridge
[2017.04.26-01.03.34:570][  0]LogUdpMessaging: Initializing bridge on interface 0.0.0.0:0 to multicast group 230.0.0.1:6666.
[2017.04.26-01.03.35:159][  0]LogMaterial: Uniform references updated for custom material expression Custom.
[2017.04.26-01.03.35:647][  0]SourceControl: Info Source control is disabled
[2017.04.26-01.03.35:687][  0]SourceControl: Info Source control is disabled
[2017.04.26-01.03.35:752][  0]SourceControl: Info Source control is disabled
[2017.04.26-01.03.35:814][  0]SourceControl: Info Source control is disabled
[2017.04.26-01.03.37:569][  0]LogEngine: Initializing Engine...
[2017.04.26-01.03.42:163][  0]LogHMD: SteamVR initialized.  Driver: lighthouse  Display: LHR-590B0534
[2017.04.26-01.03.42:464][  0]LogAIModule: Creating AISystem for world Untitled
[2017.04.26-01.03.42:505][  0]LogInit: XAudio2 using 'Speakers / Headphones (Realtek High Definition Audio)' : 2 channels at 48 kHz using 32 bits per sample (channel mask 0x3)
[2017.04.26-01.03.42:524][  0]LogInit: FAudioDevice initialized.
[2017.04.26-01.03.42:552][  0]LogDerivedDataCache: Saved boot cache 0.03s 51MB C:/Users/MagicUser/AppData/Local/UnrealEngine/4.15/DerivedDataCache/Boot.ddc.
[2017.04.26-01.03.42:561][  0]LogInit: Texture streaming: Enabled
[2017.04.26-01.03.42:688][  0]LogEngineSessionManager: EngineSessionManager initialized
[2017.04.26-01.03.42:803][  0]LogInit: Transaction tracking system initialized
[2017.04.26-01.03.43:284][  0]BlueprintLog: New page: Editor Load
[2017.04.26-01.03.44:649][  0]LocalizationService: Info Localization service is disabled
[2017.04.26-01.03.45:672][  0]LogConsoleResponse:Display: 
[2017.04.26-01.03.46:099][  0]LogCook:Display: Max memory allowance for cook 16384mb min free memory 0mb
[2017.04.26-01.03.46:099][  0]LogCook:Display: Mobile HDR setting 1
[2017.04.26-01.03.46:557][  0]LogFileCache: Scanning file cache for directory 'C:/Users/MagicUser/Documents/LevelDesignVR/LevelDesign/Content/' took 0.02s
[2017.04.26-01.03.48:055][  0]SourceControl: Info Source control is disabled
[2017.04.26-01.03.48:056][  0]Cmd: MAP LOAD FILE="../../../../../../Users/MagicUser/Documents/LevelDesignVR/LevelDesign/Content/CustomContent/Maps/Iteration1.umap" TEMPLATE=0 SHOWPROGRESS=1 FEATURELEVEL=3
[2017.04.26-01.03.48:056][  0]LightingResults: New page: Lighting Build
[2017.04.26-01.03.48:116][  0]MapCheck: New page: Map Check
[2017.04.26-01.03.48:116][  0]LightingResults: New page: Lighting Build
[2017.04.26-01.03.52:419][  0]LogAIModule: Creating AISystem for world Iteration1
[2017.04.26-01.03.52:455][  0]LogEditorServer: Finished looking for orphan Actors (0.000 secs)
[2017.04.26-01.03.52:457][  0]Cmd: MAP CHECKDEP NOCLEARLOG
[2017.04.26-01.03.52:533][  0]MapCheck: Info Map check complete: 0 Error(s), 0 Warning(s), took 75.931ms to complete.
[2017.04.26-01.03.52:534][  0]LogFileHelpers: Loading map 'Iteration1' took 4.478
[2017.04.26-01.03.52:597][  0]LogWindowsTextInputMethodSystem:Display: IME system now deactivated.
[2017.04.26-01.03.52:597][  0]LogWindowsTextInputMethodSystem:Display: IME system now deactivated.
[2017.04.26-01.03.52:794][  0]LogCollectionManager: Loaded 0 collections in 0.002041 seconds
[2017.04.26-01.03.52:896][  0]LogFileCache: Scanning file cache for directory 'C:/Users/MagicUser/Documents/LevelDesignVR/LevelDesign/Saved/Collections/' took 0.01s
[2017.04.26-01.03.52:896][  0]LogFileCache: Scanning file cache for directory 'C:/Users/MagicUser/Documents/LevelDesignVR/LevelDesign/Content/Developers/MagicUser/Collections/' took 0.01s
[2017.04.26-01.03.52:896][  0]LogFileCache: Scanning file cache for directory 'C:/Users/MagicUser/Documents/LevelDesignVR/LevelDesign/Content/Collections/' took 0.01s
[2017.04.26-01.03.52:896][  0]LogCollectionManager: Rebuilt the GUID cache for 0 collections in 0.000002 seconds
[2017.04.26-01.03.52:907][  0]LogContentBrowser: Native class hierarchy populated in 0.0107 seconds. Added 2244 classes and 450 folders.
[2017.04.26-01.03.52:911][  0]LogStats: UGameplayTagsManager::ConstructGameplayTagTree: Construct from data asset -  0.000 s
[2017.04.26-01.03.52:911][  0]LogStats: UGameplayTagsManager::ConstructGameplayTagTree: GameplayTagTreeChangedEvent.Broadcast -  0.000 s
[2017.04.26-01.03.53:001][  0]LogContentBrowser: Native class hierarchy updated for 'WidgetCarousel' in 0.0008 seconds. Added 0 classes and 0 folders.
[2017.04.26-01.03.53:652][  0]LogContentBrowser: Native class hierarchy updated for 'AddContentDialog' in 0.0008 seconds. Added 0 classes and 0 folders.
[2017.04.26-01.03.53:717][  0]LogContentBrowser: Native class hierarchy updated for 'SceneOutliner' in 0.0006 seconds. Added 1 classes and 2 folders.
[2017.04.26-01.03.53:851][  0]LogCrashTracker: Crashtracker disabled due to settings.
[2017.04.26-01.03.53:858][  0]LogUObjectGlobals:Warning: Failed to find object 'Class None.'
[2017.04.26-01.03.53:943][  0]LogContentBrowser: Native class hierarchy updated for 'HierarchicalLODOutliner' in 0.0008 seconds. Added 1 classes and 2 folders.
[2017.04.26-01.03.53:943][  0]LogLoad: (Engine Initialization) Total time: 42.57 seconds
[2017.04.26-01.03.53:943][  0]LogLoad: (Engine Initialization) Total Blueprint compile time: 0.53 seconds
[2017.04.26-01.03.53:943][  0]LogExternalProfiler: Found external profiler: VSPerf
[2017.04.26-01.03.53:943][  0]LogExternalProfiler: Using external profiler: VSPerf
[2017.04.26-01.03.53:953][  0]LogOcInput: OculusInput pre-init called
[2017.04.26-01.03.53:965][  0]LogOcInput: OculusInput is initialized. Init status 0. Runtime version: 1.13.0
[2017.04.26-01.03.53:992][  0]LogContentStreaming: Texture pool size now 1000 MB
[2017.04.26-01.03.54:012][  0]LogSlate: Took 0.019226 seconds to synchronously load lazily loaded font '../../../Engine/Content/Slate/Fonts/Roboto-Regular.ttf' (155K)
[2017.04.26-01.03.54:034][  0]LogSlate: Took 0.016572 seconds to synchronously load lazily loaded font '../../../Engine/Content/Slate/Fonts/Roboto-Bold.ttf' (160K)
[2017.04.26-01.03.54:057][  0]LogSlate: Took 0.016963 seconds to synchronously load lazily loaded font '../../../Engine/Content/Editor/Slate/Fonts/FontAwesome.ttf' (139K)
[2017.04.26-01.03.54:243][  0]LogSlate: Took 0.022428 seconds to synchronously load lazily loaded font '../../../Engine/Content/Slate/Fonts/Roboto-Light.ttf' (159K)
[2017.04.26-01.03.54:294][  0]LogRenderer: Reallocating scene render targets to support 1024x576 NumSamples 1 (Frame:2).
[2017.04.26-01.03.54:363][  1]LogAssetRegistry: Asset discovery search completed in 32.9028 seconds
[2017.04.26-01.03.54:363][  1]LogCollectionManager: Rebuilt the object cache for 0 collections in 0.000008 seconds (found 0 objects)
[2017.04.26-01.03.54:363][  1]LogCollectionManager: Fixed up redirectors for 0 collections in 0.000033 seconds (updated 0 objects)
[2017.04.26-01.03.54:981][ 57]LogSlate: Took 0.000226 seconds to synchronously load lazily loaded font '../../../Engine/Content/Slate/Fonts/Roboto-Light.ttf' (159K)
[2017.04.26-01.04.04:929][190]LogSlate: Took 0.000165 seconds to synchronously load lazily loaded font '../../../Engine/Content/Slate/Fonts/Roboto-Light.ttf' (159K)
[2017.04.26-01.04.04:967][190]LogBlueprint:Warning: [chain] 'Cuff' variable not found. Base class was probably changed.
[2017.04.26-01.04.04:967][190]LogBlueprint:Warning: [chain] 'Cuff' variable not found. Base class was probably changed.
[2017.04.26-01.04.04:975][190]LogBlueprint:Warning: [chain] 'Cuff' variable not found. Base class was probably changed.
[2017.04.26-01.04.04:975][190]LogBlueprint:Warning: [chain] 'Cuff' variable not found. Base class was probably changed.
[2017.04.26-01.04.05:319][190]LogAIModule: Creating AISystem for world Iteration3
[2017.04.26-01.04.05:366][190]Cmd: MAP LOAD FILE="../../../../../../Users/MagicUser/Documents/LevelDesignVR/LevelDesign/Content/CustomContent/Maps/Iteration3.umap" TEMPLATE=0 SHOWPROGRESS=1 FEATURELEVEL=3
[2017.04.26-01.04.05:366][190]LightingResults: New page: Lighting Build
[2017.04.26-01.04.05:368][190]LoadErrors: New page: Loading map: Iteration3.umap
[2017.04.26-01.04.05:371][190]MapCheck: New page: Map Check
[2017.04.26-01.04.05:371][190]LightingResults: New page: Lighting Build
[2017.04.26-01.04.05:502][190]LogEditorServer: Finished looking for orphan Actors (0.000 secs)
[2017.04.26-01.04.05:540][190]Cmd: MAP CHECKDEP NOCLEARLOG
[2017.04.26-01.04.05:619][190]MapCheck: Info Map check complete: 0 Error(s), 0 Warning(s), took 78.505ms to complete.
[2017.04.26-01.04.05:619][190]LogFileHelpers: Loading map 'Iteration3' took 0.254
[2017.04.26-01.06.02:381][360]LogSteamVRController: Controller role for device 3 is 0 (invalid=0, left=1, right=2).
[2017.04.26-01.06.02:381][360]LogSteamVRController:Warning: Controller device 3 has no role set.  There is no 'right' controller according to steamvr, so we are pickign that.
[2017.04.26-01.06.02:381][360]LogSteamVRController: Controller device 3 is being assigned unreal hand 1 (left=0, right=1).
[2017.04.26-01.06.02:713][361]LogSteamVRController: Controller role for device 4 is 0 (invalid=0, left=1, right=2).
[2017.04.26-01.06.02:713][361]LogSteamVRController: Putting controller 4 on the left hand because there is already a controller for the right.
[2017.04.26-01.06.02:713][361]LogSteamVRController: Controller device 4 is being assigned unreal hand 0 (left=0, right=1).
[2017.04.26-01.06.06:804][384]LogTemp: Repeting last play command: VR Preview
[2017.04.26-01.06.06:822][384]LogBlueprintUserMessages: Early PlayInEditor Detection: Level '/Game/CustomContent/Maps/Iteration3.Iteration3:PersistentLevel' has LevelScriptBlueprint '/Game/CustomContent/Maps/Iteration3.Iteration3:PersistentLevel.Iteration3' with GeneratedClass '/Game/CustomContent/Maps/Iteration3.Iteration3_C' with ClassGeneratedBy '/Game/CustomContent/Maps/Iteration3.Iteration3:PersistentLevel.Iteration3'
[2017.04.26-01.06.06:822][384]LogPlayLevel: PlayLevel: No blueprints needed recompiling
[2017.04.26-01.06.06:823][384]PIE: New page: PIE session: Iteration3 (Apr 25, 2017, 5:06:06 PM)
[2017.04.26-01.06.06:823][384]LogPlayLevel: Creating play world package: /Game/CustomContent/Maps/UEDPIE_0_Iteration3
[2017.04.26-01.06.06:890][384]LogPlayLevel: PIE: StaticDuplicateObject took: (0.066912s)
[2017.04.26-01.06.06:891][384]LogAIModule: Creating AISystem for world Iteration3
[2017.04.26-01.06.06:891][384]LogPlayLevel: PIE: World Init took: (0.000971s)
[2017.04.26-01.06.06:891][384]LogPlayLevel: PIE: Created PIE world by copying editor world from /Game/CustomContent/Maps/Iteration3.Iteration3 to /Game/CustomContent/Maps/UEDPIE_0_Iteration3.Iteration3 (0.068313s)
[2017.04.26-01.06.06:938][384]LogInit: XAudio2 using 'Speakers / Headphones (Realtek High Definition Audio)' : 2 channels at 48 kHz using 32 bits per sample (channel mask 0x3)
[2017.04.26-01.06.06:954][384]LogInit: FAudioDevice initialized.
[2017.04.26-01.06.07:063][384]LogUObjectGlobals:Warning: Failed to find object 'Class None.'
[2017.04.26-01.06.07:063][384]LogLoad: Game class is 'GameModeBase'
[2017.04.26-01.06.07:074][384]LogWorld: Bringing World /Game/CustomContent/Maps/UEDPIE_0_Iteration3.Iteration3 up for play (max tick rate 0) at 2017.04.25-21.06.07
[2017.04.26-01.06.07:075][384]LogWorld: Bringing up level for play took: 0.009963
[2017.04.26-01.06.07:132][384]LogContentBrowser: Native class hierarchy updated for 'MovieSceneCapture' in 0.0007 seconds. Added 11 classes and 0 folders.
[2017.04.26-01.06.07:135][384]LogBlueprintUserMessages: [MotionControllerPawn_646] RightHand
[2017.04.26-01.06.07:136][384]LogBlueprintUserMessages: [MotionControllerPawn_646] LeftHand
[2017.04.26-01.06.07:142][384]PIE: Info Play in editor start time for /Game/CustomContent/Maps/UEDPIE_0_Iteration3 1.068
[2017.04.26-01.06.07:142][384]LogBlueprintUserMessages: Late PlayInEditor Detection: Level '/Game/CustomContent/Maps/Iteration3.Iteration3:PersistentLevel' has LevelScriptBlueprint '/Game/CustomContent/Maps/Iteration3.Iteration3:PersistentLevel.Iteration3' with GeneratedClass '/Game/CustomContent/Maps/Iteration3.Iteration3_C' with ClassGeneratedBy '/Game/CustomContent/Maps/Iteration3.Iteration3:PersistentLevel.Iteration3'
[2017.04.26-01.06.07:190][385]LogRenderer: Reallocating scene render targets to support 3024x1680 NumSamples 1 (Frame:11666).
[2017.04.26-01.06.28:938][265]LogBlueprintUserMessages: Early EndPlayMap Detection: Level '/Game/CustomContent/Maps/Iteration3.Iteration3:PersistentLevel' has LevelScriptBlueprint '/Game/CustomContent/Maps/Iteration3.Iteration3:PersistentLevel.Iteration3' with GeneratedClass '/Game/CustomContent/Maps/Iteration3.Iteration3_C' with ClassGeneratedBy '/Game/CustomContent/Maps/Iteration3.Iteration3:PersistentLevel.Iteration3'
[2017.04.26-01.06.29:094][265]LogBlueprintUserMessages: Late EndPlayMap Detection: Level '/Game/CustomContent/Maps/Iteration3.Iteration3:PersistentLevel' has LevelScriptBlueprint '/Game/CustomContent/Maps/Iteration3.Iteration3:PersistentLevel.Iteration3' with GeneratedClass '/Game/CustomContent/Maps/Iteration3.Iteration3_C' with ClassGeneratedBy '/Game/CustomContent/Maps/Iteration3.Iteration3:PersistentLevel.Iteration3'
[2017.04.26-01.06.45:833][598]LogTemp: Repeting last play command: VR Preview
[2017.04.26-01.06.45:852][598]LogBlueprintUserMessages: Early PlayInEditor Detection: Level '/Game/CustomContent/Maps/Iteration3.Iteration3:PersistentLevel' has LevelScriptBlueprint '/Game/CustomContent/Maps/Iteration3.Iteration3:PersistentLevel.Iteration3' with GeneratedClass '/Game/CustomContent/Maps/Iteration3.Iteration3_C' with ClassGeneratedBy '/Game/CustomContent/Maps/Iteration3.Iteration3:PersistentLevel.Iteration3'
[2017.04.26-01.06.45:852][598]LogPlayLevel: PlayLevel: No blueprints needed recompiling
[2017.04.26-01.06.45:852][598]PIE: New page: PIE session: Iteration3 (Apr 25, 2017, 5:06:45 PM)
[2017.04.26-01.06.45:852][598]LogPlayLevel: Creating play world package: /Game/CustomContent/Maps/UEDPIE_0_Iteration3
[2017.04.26-01.06.45:916][598]LogPlayLevel: PIE: StaticDuplicateObject took: (0.063474s)
[2017.04.26-01.06.45:917][598]LogAIModule: Creating AISystem for world Iteration3
[2017.04.26-01.06.45:917][598]LogPlayLevel: PIE: World Init took: (0.000788s)
[2017.04.26-01.06.45:917][598]LogPlayLevel: PIE: Created PIE world by copying editor world from /Game/CustomContent/Maps/Iteration3.Iteration3 to /Game/CustomContent/Maps/UEDPIE_0_Iteration3.Iteration3 (0.064571s)
[2017.04.26-01.06.45:959][598]LogInit: XAudio2 using 'Speakers / Headphones (Realtek High Definition Audio)' : 2 channels at 48 kHz using 32 bits per sample (channel mask 0x3)
[2017.04.26-01.06.45:973][598]LogInit: FAudioDevice initialized.
[2017.04.26-01.06.46:061][598]LogUObjectGlobals:Warning: Failed to find object 'Class None.'
[2017.04.26-01.06.46:061][598]LogLoad: Game class is 'GameModeBase'
[2017.04.26-01.06.46:071][598]LogWorld: Bringing World /Game/CustomContent/Maps/UEDPIE_0_Iteration3.Iteration3 up for play (max tick rate 0) at 2017.04.25-21.06.46
[2017.04.26-01.06.46:072][598]LogWorld: Bringing up level for play took: 0.009345
[2017.04.26-01.06.46:074][598]LogBlueprintUserMessages: [MotionControllerPawn_646] RightHand
[2017.04.26-01.06.46:076][598]LogBlueprintUserMessages: [MotionControllerPawn_646] LeftHand
[2017.04.26-01.06.46:082][598]PIE: Info Play in editor start time for /Game/CustomContent/Maps/UEDPIE_0_Iteration3 0.008
[2017.04.26-01.06.46:082][598]LogBlueprintUserMessages: Late PlayInEditor Detection: Level '/Game/CustomContent/Maps/Iteration3.Iteration3:PersistentLevel' has LevelScriptBlueprint '/Game/CustomContent/Maps/Iteration3.Iteration3:PersistentLevel.Iteration3' with GeneratedClass '/Game/CustomContent/Maps/Iteration3.Iteration3_C' with ClassGeneratedBy '/Game/CustomContent/Maps/Iteration3.Iteration3:PersistentLevel.Iteration3'
[2017.04.26-01.15.13:266][411]LogBlueprintUserMessages: Early EndPlayMap Detection: Level '/Game/CustomContent/Maps/Iteration3.Iteration3:PersistentLevel' has LevelScriptBlueprint '/Game/CustomContent/Maps/Iteration3.Iteration3:PersistentLevel.Iteration3' with GeneratedClass '/Game/CustomContent/Maps/Iteration3.Iteration3_C' with ClassGeneratedBy '/Game/CustomContent/Maps/Iteration3.Iteration3:PersistentLevel.Iteration3'
[2017.04.26-01.15.13:392][411]LogBlueprintUserMessages: Late EndPlayMap Detection: Level '/Game/CustomContent/Maps/Iteration3.Iteration3:PersistentLevel' has LevelScriptBlueprint '/Game/CustomContent/Maps/Iteration3.Iteration3:PersistentLevel.Iteration3' with GeneratedClass '/Game/CustomContent/Maps/Iteration3.Iteration3_C' with ClassGeneratedBy '/Game/CustomContent/Maps/Iteration3.Iteration3:PersistentLevel.Iteration3'
[2017.04.26-01.15.29:989][969]LogTemp:Display: Executing iPhonePackager certificates Engine -bundlename com.YourCompany.LevelDesign

[2017.04.26-01.15.29:989][969]LogTemp:Display: CWD: C:\Program Files\Epic Games\UE_4.15\Engine\Binaries\DotNET\IOS

[2017.04.26-01.15.29:989][969]LogTemp:Display: Initial Dir: C:\Program Files\Epic Games\UE_4.15

[2017.04.26-01.15.29:989][969]LogTemp:Display: Env CWD: C:\Program Files\Epic Games\UE_4.15\Engine\Binaries\DotNET\IOS

[2017.04.26-01.15.29:990][969]LogTemp:Display: BranchPath = MAGICVR03/C/Program Files/Epic Games/UE_4.15/Engine/Binaries --- GameBranchPath = MAGICVR03/C/Program Files/Epic Games/UE_4.15/Engine/Binaries

[2017.04.26-01.15.29:990][969]LogSlate: Only BGRA pngs, bmps or icos are supported in by External Image Picker
[2017.04.26-01.15.30:548][972]LogTemp:Display: IPP ERROR: Application exception: System.IO.DirectoryNotFoundException: Could not find a part of the path 'C:\Users\MagicUser\AppData\Local\Apple Computer\MobileDevice\Provisioning Profiles'.

[2017.04.26-01.15.30:548][972]LogTemp:Display:    at System.IO.__Error.WinIOError(Int32 errorCode, String maybeFullPath)

[2017.04.26-01.15.30:548][972]LogTemp:Display:    at System.IO.FileSystemEnumerableIterator`1.CommonInit()

[2017.04.26-01.15.30:548][972]LogTemp:Display:    at System.IO.Directory.EnumerateFiles(String path, String searchPattern)

[2017.04.26-01.15.30:548][972]LogTemp:Display:    at iPhonePackager.CodeSignatureBuilder.FindProvisions(String CFBundleIdentifier)

[2017.04.26-01.15.30:548][972]LogTemp:Display:    at iPhonePackager.Program.Main(String[] args)

[2017.04.26-01.22.37:166][120]Cmd: QUIT_EDITOR
[2017.04.26-01.22.38:330][120]LogWindowsTextInputMethodSystem:Display: IME system now deactivated.
[2017.04.26-01.22.38:330][120]LogWindowsTextInputMethodSystem:Display: IME system now deactivated.
[2017.04.26-01.22.38:672][120]LogExit: Preparing to exit.
[2017.04.26-01.22.39:615][120]LogDirectoryWatcher: A directory notification for 'C:/Users/MagicUser/Documents/LevelDesignVR/LevelDesign/Content/' was aborted.
[2017.04.26-01.22.39:952][120]LogExit: Editor shut down
[2017.04.26-01.22.39:952][120]LogExit: Transaction tracking system shut down
[2017.04.26-01.22.42:220][120]LogObj: Freed 0b from 0 cluster array pools.
[2017.04.26-01.22.42:220][120]LogExit: Object subsystem successfully closed.
[2017.04.26-01.22.42:798][120]LogD3D11RHI: Shutdown
[2017.04.26-01.22.42:798][120]LogD3D11RHI: CleanupD3DDevice
[2017.04.26-01.22.42:862][120]LogD3D11RHI: ~FD3D11DynamicRHI
[2017.04.26-01.22.43:809][120]LogModuleManager: Shutting down and abandoning module ExternalImagePicker (500)
[2017.04.26-01.22.43:809][120]LogModuleManager: Shutting down and abandoning module MovieSceneCapture (498)
[2017.04.26-01.22.43:809][120]LogModuleManager: Shutting down and abandoning module HierarchicalLODOutliner (496)
[2017.04.26-01.22.43:821][120]LogModuleManager: Shutting down and abandoning module CrashTracker (494)
[2017.04.26-01.22.43:821][120]LogModuleManager: Shutting down and abandoning module SceneOutliner (492)
[2017.04.26-01.22.43:821][120]LogModuleManager: Shutting down and abandoning module AddContentDialog (490)
[2017.04.26-01.22.43:841][120]LogDirectoryWatcher: A directory notification for 'C:/Program Files/Epic Games/UE_4.15/FeaturePacks/' was aborted.
[2017.04.26-01.22.43:849][120]LogModuleManager: Shutting down and abandoning module WidgetCarousel (489)
[2017.04.26-01.22.43:849][120]LogModuleManager: Shutting down and abandoning module EditorWidgets (486)
[2017.04.26-01.22.43:849][120]LogModuleManager: Shutting down and abandoning module CollectionManager (484)
[2017.04.26-01.22.43:862][120]LogDirectoryWatcher: A directory notification for 'C:/Users/MagicUser/Documents/LevelDesignVR/LevelDesign/Content/Collections/' was aborted.
[2017.04.26-01.22.43:863][120]LogDirectoryWatcher: A directory notification for 'C:/Users/MagicUser/Documents/LevelDesignVR/LevelDesign/Content/Developers/MagicUser/Collections/' was aborted.
[2017.04.26-01.22.43:863][120]LogDirectoryWatcher: A directory notification for 'C:/Users/MagicUser/Documents/LevelDesignVR/LevelDesign/Saved/Collections/' was aborted.
[2017.04.26-01.22.43:863][120]LogModuleManager: Shutting down and abandoning module StatsViewer (482)
[2017.04.26-01.22.43:884][120]LogModuleManager: Shutting down and abandoning module FoliageEdit (480)
[2017.04.26-01.22.43:884][120]LogModuleManager: Shutting down and abandoning module LandscapeEditor (478)
[2017.04.26-01.22.43:912][120]LogModuleManager: Shutting down and abandoning module SceneDepthPickerMode (476)
[2017.04.26-01.22.43:912][120]LogModuleManager: Shutting down and abandoning module ActorPickerMode (474)
[2017.04.26-01.22.43:912][120]LogModuleManager: Shutting down and abandoning module GeometryMode (472)
[2017.04.26-01.22.43:912][120]LogModuleManager: Shutting down and abandoning module TextureAlignMode (470)
[2017.04.26-01.22.43:912][120]LogModuleManager: Shutting down and abandoning module BspMode (468)
[2017.04.26-01.22.43:924][120]LogModuleManager: Shutting down and abandoning module HardwareSurvey (466)
[2017.04.26-01.22.43:940][120]LogModuleManager: Shutting down and abandoning module SequenceRecorderSections (464)
[2017.04.26-01.22.43:953][120]LogModuleManager: Shutting down and abandoning module AutomationWorker (462)
[2017.04.26-01.22.43:962][120]LogModuleManager: Shutting down and abandoning module MatineeToLevelSequence (460)
[2017.04.26-01.22.43:974][120]LogModuleManager: Shutting down and abandoning module LevelSequenceEditor (458)
[2017.04.26-01.22.44:037][120]LogModuleManager: Shutting down and abandoning module PlacementMode (457)
[2017.04.26-01.22.44:037][120]LogModuleManager: Shutting down and abandoning module WmfMediaFactory (454)
[2017.04.26-01.22.44:037][120]LogModuleManager: Shutting down and abandoning module WmfMediaEditor (452)
[2017.04.26-01.22.44:037][120]LogModuleManager: Shutting down and abandoning module MfMediaFactory (450)
[2017.04.26-01.22.44:037][120]LogModuleManager: Shutting down and abandoning module MfMediaEditor (448)
[2017.04.26-01.22.44:037][120]LogModuleManager: Shutting down and abandoning module AvfMediaFactory (446)
[2017.04.26-01.22.44:037][120]LogModuleManager: Shutting down and abandoning module AvfMediaEditor (444)
[2017.04.26-01.22.44:037][120]LogModuleManager: Shutting down and abandoning module AndroidMediaFactory (442)
[2017.04.26-01.22.44:037][120]LogModuleManager: Shutting down and abandoning module Media (441)
[2017.04.26-01.22.44:037][120]LogModuleManager: Shutting down and abandoning module AndroidMediaEditor (438)
[2017.04.26-01.22.44:037][120]LogModuleManager: Shutting down and abandoning module CharacterAI (436)
[2017.04.26-01.22.44:037][120]LogModuleManager: Shutting down and abandoning module AudioCapture (434)
[2017.04.26-01.22.44:045][120]LogModuleManager: Shutting down and abandoning module SequenceRecorder (433)
[2017.04.26-01.22.44:099][120]LogModuleManager: Shutting down and abandoning module SmartSnapping (430)
[2017.04.26-01.22.44:099][120]LogModuleManager: Shutting down and abandoning module SessionServices (428)
[2017.04.26-01.22.44:099][120]LogModuleManager: Shutting down and abandoning module ViewportSnapping (426)
[2017.04.26-01.22.44:099][120]LogModuleManager: Shutting down and abandoning module ViewportInteraction (424)
[2017.04.26-01.22.44:099][120]LogModuleManager: Shutting down and abandoning module LogVisualizer (422)
[2017.04.26-01.22.44:109][120]LogModuleManager: Shutting down and abandoning module IntroTutorials (420)
[2017.04.26-01.22.44:115][120]LogModuleManager: Shutting down and abandoning module GameProjectGeneration (419)
[2017.04.26-01.22.44:128][120]LogModuleManager: Shutting down and abandoning module EditorLiveStreaming (416)
[2017.04.26-01.22.44:128][120]LogModuleManager: Shutting down and abandoning module IOSPlatformEditor (414)
[2017.04.26-01.22.44:128][120]LogModuleManager: Shutting down and abandoning module HTML5PlatformEditor (412)
[2017.04.26-01.22.44:128][120]LogModuleManager: Shutting down and abandoning module AndroidPlatformEditor (410)
[2017.04.26-01.22.44:129][120]LogModuleManager: Shutting down and abandoning module AndroidDeviceDetection (409)
[2017.04.26-01.22.44:872][120]LogModuleManager: Shutting down and abandoning module IOSRuntimeSettings (406)
[2017.04.26-01.22.44:872][120]LogModuleManager: Shutting down and abandoning module AndroidRuntimeSettings (404)
[2017.04.26-01.22.44:872][120]LogModuleManager: Shutting down and abandoning module InputBindingEditor (402)
[2017.04.26-01.22.44:880][120]LogModuleManager: Shutting down and abandoning module NiagaraEditor (400)
[2017.04.26-01.22.44:911][120]LogModuleManager: Shutting down and abandoning module MergeActors (398)
[2017.04.26-01.22.44:929][120]LogModuleManager: Shutting down and abandoning module SizeMap (396)
[2017.04.26-01.22.44:945][120]LogModuleManager: Shutting down and abandoning module TreeMap (394)
[2017.04.26-01.22.44:970][120]LogModuleManager: Shutting down and abandoning module ReferenceViewer (392)
[2017.04.26-01.22.44:970][120]LogModuleManager: Shutting down and abandoning module LocalizationDashboard (390)
[2017.04.26-01.22.44:982][120]LogModuleManager: Shutting down and abandoning module LocalizationService (389)
[2017.04.26-01.22.45:008][120]LogModuleManager: Shutting down and abandoning module HardwareTargeting (386)
[2017.04.26-01.22.45:008][120]LogModuleManager: Shutting down and abandoning module DeviceProfileEditor (384)
[2017.04.26-01.22.45:017][120]LogModuleManager: Shutting down and abandoning module UndoHistory (382)
[2017.04.26-01.22.45:023][120]LogModuleManager: Shutting down and abandoning module UserFeedback (380)
[2017.04.26-01.22.45:023][120]LogModuleManager: Shutting down and abandoning module XmlParser (378)
[2017.04.26-01.22.45:047][120]LogModuleManager: Shutting down and abandoning module Blutility (376)
[2017.04.26-01.22.45:057][120]LogModuleManager: Shutting down and abandoning module ProjectSettingsViewer (374)
[2017.04.26-01.22.45:057][120]LogModuleManager: Shutting down and abandoning module ProjectTargetPlatformEditor (373)
[2017.04.26-01.22.45:057][120]LogModuleManager: Shutting down and abandoning module EditorSettingsViewer (370)
[2017.04.26-01.22.45:057][120]LogModuleManager: Shutting down and abandoning module SettingsEditor (368)
[2017.04.26-01.22.45:068][120]LogModuleManager: Shutting down and abandoning module ProjectLauncher (366)
[2017.04.26-01.22.45:085][120]LogModuleManager: Shutting down and abandoning module SessionFrontend (364)
[2017.04.26-01.22.45:096][120]LogModuleManager: Shutting down and abandoning module ProfilerClient (362)
[2017.04.26-01.22.45:125][120]LogModuleManager: Shutting down and abandoning module DeviceManager (360)
[2017.04.26-01.22.45:144][120]LogModuleManager: Shutting down and abandoning module TargetDeviceServices (359)
[2017.04.26-01.22.45:214][120]LogModuleManager: Shutting down and abandoning module AutomationController (356)
[2017.04.26-01.22.45:233][120]LogModuleManager: Shutting down and abandoning module AutomationWindow (354)
[2017.04.26-01.22.45:253][120]LogModuleManager: Shutting down and abandoning module Layers (352)
[2017.04.26-01.22.45:323][120]LogModuleManager: Shutting down and abandoning module ComponentVisualizers (350)
[2017.04.26-01.22.45:323][120]LogModuleManager: Shutting down and abandoning module DetailCustomizations (348)
[2017.04.26-01.22.45:355][120]LogModuleManager: Shutting down and abandoning module PackagesDialog (346)
[2017.04.26-01.22.45:418][120]LogModuleManager: Shutting down and abandoning module Persona (344)
[2017.04.26-01.22.45:439][120]LogModuleManager: Shutting down and abandoning module AnimGraph (343)
[2017.04.26-01.22.45:439][120]LogModuleManager: Shutting down and abandoning module Kismet (340)
[2017.04.26-01.22.45:457][120]LogModuleManager: Shutting down and abandoning module GraphEditor (338)
[2017.04.26-01.22.45:519][120]LogModuleManager: Shutting down and abandoning module ClassViewer (336)
[2017.04.26-01.22.45:520][120]LogModuleManager: Shutting down and abandoning module Toolbox (334)
[2017.04.26-01.22.45:529][120]LogModuleManager: Shutting down and abandoning module ModuleUI (332)
[2017.04.26-01.22.45:548][120]LogModuleManager: Shutting down and abandoning module MovieSceneTools (330)
[2017.04.26-01.22.45:560][120]LogModuleManager: Shutting down and abandoning module OutputLog (328)
[2017.04.26-01.22.45:560][120]LogModuleManager: Shutting down and abandoning module GammaUI (326)
[2017.04.26-01.22.45:575][120]LogModuleManager: Shutting down and abandoning module Documentation (324)
[2017.04.26-01.22.45:575][120]LogModuleManager: Shutting down and abandoning module Niagara (322)
[2017.04.26-01.22.45:575][120]LogModuleManager: Shutting down and abandoning module StreamingPauseRendering (320)
[2017.04.26-01.22.45:575][120]LogModuleManager: Shutting down and abandoning module AnalyticsET (318)
[2017.04.26-01.22.45:575][120]LogModuleManager: Shutting down and abandoning module PortalServices (316)
[2017.04.26-01.22.45:575][120]LogModuleManager: Shutting down and abandoning module PortalRpc (314)
[2017.04.26-01.22.45:575][120]LogModuleManager: Shutting down and abandoning module MessagingRpc (312)
[2017.04.26-01.22.45:575][120]LogModuleManager: Shutting down and abandoning module AIModule (310)
[2017.04.26-01.22.45:588][120]LogModuleManager: Shutting down and abandoning module GameplayDebugger (309)
[2017.04.26-01.22.45:588][120]LogModuleManager: Shutting down and abandoning module AITestSuite (307)
[2017.04.26-01.22.45:588][120]LogModuleManager: Shutting down and abandoning module ProfilerService (304)
[2017.04.26-01.22.45:793][120]LogModuleManager: Shutting down and abandoning module TaskGraph (302)
[2017.04.26-01.22.45:812][120]LogModuleManager: Shutting down and abandoning module SteamVRController (300)
[2017.04.26-01.22.45:812][120]LogModuleManager: Shutting down and abandoning module SteamVR (298)
[2017.04.26-01.22.45:812][120]LogModuleManager: Shutting down and abandoning module ProceduralMeshComponentEditor (296)
[2017.04.26-01.22.45:812][120]LogModuleManager: Shutting down and abandoning module ProceduralMeshComponent (294)
[2017.04.26-01.22.45:818][120]LogModuleManager: Shutting down and abandoning module OculusLibrary (292)
[2017.04.26-01.22.45:818][120]LogModuleManager: Shutting down and abandoning module OculusInput (290)
[2017.04.26-01.22.45:818][120]LogModuleManager: Shutting down and abandoning module MobilePatchingUtils (288)
[2017.04.26-01.22.45:818][120]LogModuleManager: Shutting down and abandoning module CustomMeshComponent (286)
[2017.04.26-01.22.45:818][120]LogModuleManager: Shutting down and abandoning module CableComponent (284)
[2017.04.26-01.22.45:818][120]LogModuleManager: Shutting down and abandoning module ArchVisCharacter (282)
[2017.04.26-01.22.45:818][120]LogModuleManager: Shutting down and abandoning module MediaPlayerEditor (278)
[2017.04.26-01.22.45:847][120]LogModuleManager: Shutting down and abandoning module HTML5Networking (276)
[2017.04.26-01.22.45:847][120]LogModuleManager: Shutting down and abandoning module AlembicImporter (274)
[2017.04.26-01.22.45:855][120]LogModuleManager: Shutting down and abandoning module AlembicLibrary (273)
[2017.04.26-01.22.45:855][120]LogModuleManager: Shutting down and abandoning module GeometryCache (272)
[2017.04.26-01.22.45:866][120]LogModuleManager: Shutting down and abandoning module GeometryCacheEd (271)
[2017.04.26-01.22.45:866][120]LogModuleManager: Shutting down and abandoning module SuperSearchEditor (266)
[2017.04.26-01.22.45:866][120]LogModuleManager: Shutting down and abandoning module SuperSearch (265)
[2017.04.26-01.22.45:866][120]LogModuleManager: Shutting down and abandoning module SpeedTreeImporter (262)
[2017.04.26-01.22.45:866][120]LogModuleManager: Shutting down and abandoning module PluginBrowser (260)
[2017.04.26-01.22.45:902][120]LogModuleManager: Shutting down and abandoning module MobileLauncherProfileWizard (258)
[2017.04.26-01.22.45:921][120]LogModuleManager: Shutting down and abandoning module EpicSurvey (256)
[2017.04.26-01.22.45:921][120]LogModuleManager: Shutting down and abandoning module VisualStudioSourceCodeAccess (254)
[2017.04.26-01.22.45:921][120]LogModuleManager: Shutting down and abandoning module DesktopPlatform (253)
[2017.04.26-01.22.45:921][120]LogModuleManager: Shutting down and abandoning module UObjectPlugin (250)
[2017.04.26-01.22.45:921][120]LogModuleManager: Shutting down and abandoning module SubversionSourceControl (248)
[2017.04.26-01.22.45:941][120]LogModuleManager: Shutting down and abandoning module PerforceSourceControl (246)
[2017.04.26-01.22.45:995][120]LogModuleManager: Shutting down and abandoning module GitSourceControl (244)
[2017.04.26-01.22.46:019][120]LogModuleManager: Shutting down and abandoning module SourceControl (243)
[2017.04.26-01.22.46:029][120]LogModuleManager: Shutting down and abandoning module LightPropagationVolumeEditor (240)
[2017.04.26-01.22.46:029][120]LogModuleManager: Shutting down and abandoning module PaperTiledImporter (238)
[2017.04.26-01.22.46:029][120]LogModuleManager: Shutting down and abandoning module PaperSpriteSheetImporter (236)
[2017.04.26-01.22.46:029][120]LogModuleManager: Shutting down and abandoning module Paper2DEditor (234)
[2017.04.26-01.22.46:054][120]LogModuleManager: Shutting down and abandoning module MeshPaint (233)
[2017.04.26-01.22.46:059][120]LogModuleManager: Shutting down and abandoning module LevelEditor (231)
[2017.04.26-01.22.46:069][120]LogModuleManager: Shutting down and abandoning module PixelInspectorModule (230)
[2017.04.26-01.22.46:097][120]LogModuleManager: Shutting down and abandoning module MainFrame (228)
[2017.04.26-01.22.46:097][120]LogModuleManager: Shutting down and abandoning module HotReload (227)
[2017.04.26-01.22.46:110][120]LogModuleManager: Shutting down and abandoning module ContentBrowser (223)
[2017.04.26-01.22.46:111][120]LogModuleManager: Shutting down and abandoning module PhysXVehiclesEditor (220)
[2017.04.26-01.22.46:122][120]LogModuleManager: Shutting down and abandoning module PhysXVehicles (218)
[2017.04.26-01.22.46:122][120]LogModuleManager: Shutting down and abandoning module LocationServicesBPLibrary (216)
[2017.04.26-01.22.46:122][120]LogModuleManager: Shutting down and abandoning module UdpMessaging (214)
[2017.04.26-01.22.46:224][120]LogModuleManager: Shutting down and abandoning module TcpMessaging (212)
[2017.04.26-01.22.46:338][120]LogModuleManager: Shutting down and abandoning module GameplayTagsEditor (210)
[2017.04.26-01.22.46:346][120]LogModuleManager: Shutting down and abandoning module FacialAnimationEditor (208)
[2017.04.26-01.22.46:361][120]LogModuleManager: Shutting down and abandoning module FacialAnimation (206)
[2017.04.26-01.22.46:361][120]LogModuleManager: Shutting down and abandoning module LightPropagationVolumeRuntime (204)
[2017.04.26-01.22.46:361][120]LogModuleManager: Shutting down and abandoning module Paper2D (202)
[2017.04.26-01.22.46:372][120]LogModuleManager: Shutting down and abandoning module WindowsMoviePlayer (200)
[2017.04.26-01.22.46:392][120]LogModuleManager: Shutting down and abandoning module WmfMedia (198)
[2017.04.26-01.22.46:412][120]LogModuleManager: Shutting down and abandoning module MfMedia (196)
[2017.04.26-01.22.46:412][120]LogModuleManager: Shutting down and abandoning module MediaAssets (194)
[2017.04.26-01.22.46:412][120]LogModuleManager: Shutting down and abandoning module GameLiveStreaming (192)
[2017.04.26-01.22.46:424][120]LogModuleManager: Shutting down and abandoning module VREditor (190)
[2017.04.26-01.22.46:424][120]LogModuleManager: Shutting down and abandoning module GameplayTasksEditor (188)
[2017.04.26-01.22.46:424][120]LogModuleManager: Shutting down and abandoning module BehaviorTreeEditor (186)
[2017.04.26-01.22.46:458][120]LogModuleManager: Shutting down and abandoning module FunctionalTesting (184)
[2017.04.26-01.22.46:472][120]LogModuleManager: Shutting down and abandoning module CollisionAnalyzer (182)
[2017.04.26-01.22.46:483][120]LogModuleManager: Shutting down and abandoning module UMG (180)
[2017.04.26-01.22.46:509][120]LogModuleManager: Shutting down and abandoning module UMGEditor (179)
[2017.04.26-01.22.46:567][120]LogModuleManager: Shutting down and abandoning module Sequencer (178)
[2017.04.26-01.22.46:647][120]LogModuleManager: Shutting down and abandoning module AssetTools (176)
[2017.04.26-01.22.46:699][120]LogModuleManager: Shutting down and abandoning module MessageLog (175)
[2017.04.26-01.22.46:699][120]LogModuleManager: Shutting down and abandoning module WorkspaceMenuStructure (174)
[2017.04.26-01.22.46:699][120]LogModuleManager: Shutting down and abandoning module SlateReflector (168)
[2017.04.26-01.22.46:748][120]LogModuleManager: Shutting down and abandoning module Slate (166)
[2017.04.26-01.22.46:748][120]LogModuleManager: Shutting down and abandoning module EditorStyle (164)
[2017.04.26-01.22.46:751][120]LogModuleManager: Shutting down and abandoning module SourceCodeAccess (162)
[2017.04.26-01.22.46:764][120]LogModuleManager: Shutting down and abandoning module HeadMountedDisplay (160)
[2017.04.26-01.22.46:764][120]LogModuleManager: Shutting down and abandoning module XAudio2 (158)
[2017.04.26-01.22.46:764][120]LogModuleManager: Shutting down and abandoning module Networking (156)
[2017.04.26-01.22.46:764][120]LogModuleManager: Shutting down and abandoning module Core (152)
[2017.04.26-01.22.46:764][120]LogModuleManager: Shutting down and abandoning module AssetRegistry (150)
[2017.04.26-01.22.46:863][120]LogDirectoryWatcher: A directory notification for '../../../Engine/Content/' was aborted.
[2017.04.26-01.22.46:863][120]LogDirectoryWatcher: A directory notification for '../../../../../../Users/MagicUser/Documents/LevelDesignVR/LevelDesign/Content/' was aborted.
[2017.04.26-01.22.46:864][120]LogDirectoryWatcher: A directory notification for '../../../Engine/Plugins/2D/Paper2D/Content/' was aborted.
[2017.04.26-01.22.46:880][120]LogModuleManager: Shutting down and abandoning module DirectoryWatcher (149)
[2017.04.26-01.22.46:881][120]LogModuleManager: Shutting down and abandoning module KismetCompiler (146)
[2017.04.26-01.22.46:881][120]LogModuleManager: Shutting down and abandoning module PhysXFormats (144)
[2017.04.26-01.22.46:881][120]LogModuleManager: Shutting down and abandoning module MeshUtilities (142)
[2017.04.26-01.22.46:932][120]LogModuleManager: Shutting down and abandoning module SimplygonSwarm (141)
[2017.04.26-01.22.46:959][120]LogModuleManager: Shutting down and abandoning module SimplygonMeshReduction (139)
[2017.04.26-01.22.46:959][120]LogModuleManager: Shutting down and abandoning module QuadricMeshReduction (137)
[2017.04.26-01.22.46:973][120]LogModuleManager: Shutting down and abandoning module PropertyEditor (135)
[2017.04.26-01.22.46:973][120]LogModuleManager: Shutting down and abandoning module DerivedDataCache (132)
[2017.04.26-01.22.46:996][120]LogDerivedDataCache: Shutdown
[2017.04.26-01.22.46:996][120]LogModuleManager: Shutting down and abandoning module TargetPlatform (130)
[2017.04.26-01.22.46:996][120]LogModuleManager: Shutting down and abandoning module VulkanShaderFormat (129)
[2017.04.26-01.22.47:016][120]LogModuleManager: Shutting down and abandoning module ShaderFormatOpenGL (127)
[2017.04.26-01.22.47:020][120]LogModuleManager: Shutting down and abandoning module ShaderFormatD3D (125)
[2017.04.26-01.22.47:031][120]LogModuleManager: Shutting down and abandoning module MetalShaderFormat (123)
[2017.04.26-01.22.47:053][120]LogModuleManager: Shutting down and abandoning module TextureFormatUncompressed (121)
[2017.04.26-01.22.47:053][120]LogModuleManager: Shutting down and abandoning module TextureFormatPVR (119)
[2017.04.26-01.22.47:053][120]LogModuleManager: Shutting down and abandoning module TextureFormatDXT (117)
[2017.04.26-01.22.47:064][120]LogModuleManager: Shutting down and abandoning module TextureFormatIntelISPCTexComp (115)
[2017.04.26-01.22.47:084][120]LogModuleManager: Shutting down and abandoning module TextureFormatASTC (113)
[2017.04.26-01.22.47:084][120]LogModuleManager: Shutting down and abandoning module ImageWrapper (112)
[2017.04.26-01.22.47:084][120]LogModuleManager: Shutting down and abandoning module TextureFormatAndroid (109)
[2017.04.26-01.22.47:084][120]LogModuleManager: Shutting down and abandoning module AudioFormatOpus (107)
[2017.04.26-01.22.47:095][120]LogModuleManager: Shutting down and abandoning module AudioFormatOgg (105)
[2017.04.26-01.22.47:095][120]LogModuleManager: Shutting down and abandoning module AudioFormatADPCM (103)
[2017.04.26-01.22.47:095][120]LogModuleManager: Shutting down and abandoning module LinuxTargetPlatform (101)
[2017.04.26-01.22.47:095][120]LogModuleManager: Shutting down and abandoning module LinuxServerTargetPlatform (99)
[2017.04.26-01.22.47:095][120]LogModuleManager: Shutting down and abandoning module LinuxNoEditorTargetPlatform (97)
[2017.04.26-01.22.47:095][120]LogModuleManager: Shutting down and abandoning module LinuxClientTargetPlatform (95)
[2017.04.26-01.22.47:095][120]LogModuleManager: Shutting down and abandoning module TVOSTargetPlatform (93)
[2017.04.26-01.22.47:095][120]LogModuleManager: Shutting down and abandoning module Messaging (91)
[2017.04.26-01.22.47:095][120]LogModuleManager: Shutting down and abandoning module IOSTargetPlatform (89)
[2017.04.26-01.22.47:095][120]LogModuleManager: Shutting down and abandoning module HTML5TargetPlatform (87)
[2017.04.26-01.22.47:095][120]LogModuleManager: Shutting down and abandoning module Android_PVRTCTargetPlatform (85)
[2017.04.26-01.22.47:095][120]LogModuleManager: Shutting down and abandoning module Android_MultiTargetPlatform (83)
[2017.04.26-01.22.47:095][120]LogModuleManager: Shutting down and abandoning module Android_ETC2TargetPlatform (81)
[2017.04.26-01.22.47:095][120]LogModuleManager: Shutting down and abandoning module Android_ETC1TargetPlatform (79)
[2017.04.26-01.22.47:095][120]LogModuleManager: Shutting down and abandoning module Android_DXTTargetPlatform (77)
[2017.04.26-01.22.47:095][120]LogModuleManager: Shutting down and abandoning module Android_ATCTargetPlatform (75)
[2017.04.26-01.22.47:095][120]LogModuleManager: Shutting down and abandoning module Android_ASTCTargetPlatform (73)
[2017.04.26-01.22.47:095][120]LogModuleManager: Shutting down and abandoning module AndroidTargetPlatform (71)
[2017.04.26-01.22.47:095][120]LogModuleManager: Shutting down and abandoning module WindowsTargetPlatform (69)
[2017.04.26-01.22.47:095][120]LogModuleManager: Shutting down and abandoning module WindowsServerTargetPlatform (67)
[2017.04.26-01.22.47:095][120]LogModuleManager: Shutting down and abandoning module WindowsNoEditorTargetPlatform (65)
[2017.04.26-01.22.47:095][120]LogModuleManager: Shutting down and abandoning module WindowsClientTargetPlatform (63)
[2017.04.26-01.22.47:095][120]LogModuleManager: Shutting down and abandoning module MacTargetPlatform (61)
[2017.04.26-01.22.47:095][120]LogModuleManager: Shutting down and abandoning module MacServerTargetPlatform (59)
[2017.04.26-01.22.47:095][120]LogModuleManager: Shutting down and abandoning module MacNoEditorTargetPlatform (57)
[2017.04.26-01.22.47:095][120]LogModuleManager: Shutting down and abandoning module MacClientTargetPlatform (55)
[2017.04.26-01.22.47:095][120]LogModuleManager: Shutting down and abandoning module AllDesktopTargetPlatform (53)
[2017.04.26-01.22.47:095][120]LogModuleManager: Shutting down and abandoning module InputCore (50)
[2017.04.26-01.22.47:095][120]LogModuleManager: Shutting down and abandoning module Settings (48)
[2017.04.26-01.22.47:095][120]LogModuleManager: Shutting down and abandoning module OculusRift (46)
[2017.04.26-01.22.47:096][120]LogHMD: Oculus shutdown.
[2017.04.26-01.22.47:096][120]LogModuleManager: Shutting down and abandoning module ExampleDeviceProfileSelector (44)
[2017.04.26-01.22.47:096][120]LogModuleManager: Shutting down and abandoning module OnlineBlueprintSupport (42)
[2017.04.26-01.22.47:096][120]LogModuleManager: Shutting down and abandoning module OnlineSubsystem (38)
[2017.04.26-01.22.47:096][120]LogOnline:Display: Unloading online subsystem: NULL
[2017.04.26-01.22.47:154][120]LogModuleManager: Shutting down and abandoning module XMPP (37)
[2017.04.26-01.22.47:254][120]LogModuleManager: Shutting down and abandoning module HTTP (35)
[2017.04.26-01.22.47:259][120]LogHttp:Display: Http module shutting down, but needs to wait on 1 outstanding Http requests:
[2017.04.26-01.22.47:259][120]LogHttp:Display: 	verb=[POST] url=[https://datarouter.ol.epicgames.com/datarouter/api/v1/public/data?SessionID=%7B088EFFBE-4A2C-BE91-D49E-B6A8E2E5F9A9%7D&AppID=UEEditor.Rocket.Release&AppVersion=4.15.0-3299760%2B%2B%2BUE4%2BRelease-4.15&UserID=726f017540cc9185923ab4928b2b6b86%7Cdf05e27762ea4269ba784bb4447359ec%7Cbfa3e496-2e05-4257-b5e8-bcc4cc4889d4&AppEnvironment=datacollector-binary&UploadType=eteventstream] status=Processing
[2017.04.26-01.22.47:285][120]LogModuleManager: Shutting down and abandoning module SSL (34)
[2017.04.26-01.22.47:310][120]LogModuleManager: Shutting down and abandoning module AudioEditor (30)
[2017.04.26-01.22.47:326][120]LogModuleManager: Shutting down and abandoning module TextureCompressor (28)
[2017.04.26-01.22.47:355][120]LogModuleManager: Shutting down and abandoning module ShaderCore (26)
[2017.04.26-01.22.47:355][120]LogModuleManager: Shutting down and abandoning module Landscape (24)
[2017.04.26-01.22.47:355][120]LogModuleManager: Shutting down and abandoning module SlateRHIRenderer (22)
[2017.04.26-01.22.47:374][120]LogModuleManager: Shutting down and abandoning module OpenGLDrv (20)
[2017.04.26-01.22.47:385][120]LogModuleManager: Shutting down and abandoning module D3D11RHI (18)
[2017.04.26-01.22.47:385][120]LogModuleManager: Shutting down and abandoning module AnimGraphRuntime (16)
[2017.04.26-01.22.47:405][120]LogModuleManager: Shutting down and abandoning module Renderer (14)
[2017.04.26-01.22.47:405][120]LogModuleManager: Shutting down and abandoning module Engine (12)
[2017.04.26-01.22.47:405][120]LogModuleManager: Shutting down and abandoning module CoreUObject (10)
[2017.04.26-01.22.47:405][120]LogModuleManager: Shutting down and abandoning module NetworkFile (8)
[2017.04.26-01.22.47:428][120]LogModuleManager: Shutting down and abandoning module StreamingFile (6)
[2017.04.26-01.22.47:435][120]LogModuleManager: Shutting down and abandoning module SandboxFile (4)
[2017.04.26-01.22.47:435][120]LogModuleManager: Shutting down and abandoning module PakFile (2)
[2017.04.26-01.22.47:455][120]LogExit: Exiting.
[2017.04.26-01.22.47:458][120]Log file closed, 04/25/17 21:22:47
